name: train
run_id: install_deps
env USERPROFILE: C:\Users\Lenovo
env SYSTEMROOT: C:\Windows
env PATHEXT: .COM;.EXE;.BAT;.CMD;.VBS;.VBE;.JS;.JSE;.WSF;.WSH;.MSC;.CPL
env PROGRAMFILES(X86): C:\Program Files (x86)
env PROCESSOR_ARCHITECTURE: AMD64
env NUMBER_OF_PROCESSORS: 8
env COMSPEC: C:\Windows\system32\cmd.exe
env PROGRAMFILES: C:\Program Files
env TEMP: C:\Users\Lenovo\AppData\Local\Temp
env TMP: C:\Users\Lenovo\AppData\Local\Temp
env SYSTEMDRIVE: C:
env PROGRAMDATA: C:\ProgramData
env PATH: C:\Users\Lenovo\PycharmProjects\pythonProject13\.tox\test_package\Scripts;C:\Users\Lenovo\PycharmProjects\pythonProject13\venv/Scripts;C:\Users\Lenovo\anaconda3;C:\Users\Lenovo\anaconda3\Library\mingw-w64\bin;C:\Users\Lenovo\anaconda3\Library\usr\bin;C:\Users\Lenovo\anaconda3\Library\bin;C:\Users\Lenovo\anaconda3\Scripts;C:\Users\Lenovo\anaconda3\bin;C:\Users\Lenovo\anaconda3\condabin;C:\Windows\system32;C:\Windows;C:\Windows\System32\Wbem;C:\Windows\System32\WindowsPowerShell\v1.0;C:\Windows\System32\OpenSSH;C:\Program Files\Git\cmd;C:\Users\Lenovo\AppData\Local\Programs\Python\Python310\Scripts;C:\Users\Lenovo\AppData\Local\Programs\Python\Python310;C:\Users\Lenovo\AppData\Local\Microsoft\WindowsApps;.
env PYTHONHASHSEED: 925
env PIP_DISABLE_PIP_VERSION_CHECK: 1
env PYTHONIOENCODING: utf-8
env PYTHONPATH: .
env TOX_ENV_NAME: train
env TOX_WORK_DIR: C:\Users\Lenovo\PycharmProjects\pythonProject13\.tox
env TOX_ENV_DIR: C:\Users\Lenovo\PycharmProjects\pythonProject13\.tox\test_package
env VIRTUAL_ENV: C:\Users\Lenovo\PycharmProjects\pythonProject13\.tox\test_package
env COLUMNS: 180
env LINES: 10
metadata pid: 20124
cwd: C:\Users\Lenovo\PycharmProjects\pythonProject13
allow: C:\Users\Lenovo\PycharmProjects\pythonProject13\.tox\test_package\Scripts\*
cmd: pip install -r requirements/test_requirements.txt
exit_code: 0
Collecting numpy<2.0.0,>=1.21.0 (from -r requirements\requirements.txt (line 4))
  Using cached numpy-1.24.3-cp310-cp310-win_amd64.whl (14.8 MB)
Collecting pandas<2.0.1,>=1.3.5 (from -r requirements\requirements.txt (line 5))
  Using cached pandas-2.0.0-cp310-cp310-win_amd64.whl (11.2 MB)
Collecting pydantic<2.0.0,>=1.8.1 (from -r requirements\requirements.txt (line 6))
  Using cached pydantic-1.10.7-cp310-cp310-win_amd64.whl (2.1 MB)
Collecting scikit-learn<2.0.0,>=1.1.3 (from -r requirements\requirements.txt (line 7))
  Using cached scikit_learn-1.2.2-cp310-cp310-win_amd64.whl (8.3 MB)
Collecting strictyaml<2.0.0,>=1.3.2 (from -r requirements\requirements.txt (line 8))
  Using cached strictyaml-1.7.3-py3-none-any.whl (123 kB)
Collecting ruamel.yaml<1.0.0,>=0.16.12 (from -r requirements\requirements.txt (line 9))
  Using cached ruamel.yaml-0.17.21-py3-none-any.whl (109 kB)
Collecting feature-engine<2.0.0,>=1.0.2 (from -r requirements\requirements.txt (line 10))
  Using cached feature_engine-1.6.0-py2.py3-none-any.whl (319 kB)
Collecting joblib<2.0.0,>=1.0.1 (from -r requirements\requirements.txt (line 11))
  Using cached joblib-1.2.0-py3-none-any.whl (297 kB)
Collecting uvicorn<0.30.0,>=0.20.0 (from -r requirements\requirements.txt (line 12))
  Using cached uvicorn-0.22.0-py3-none-any.whl (58 kB)
Collecting fastapi<1.0.0,>=0.88.0 (from -r requirements\requirements.txt (line 13))
  Using cached fastapi-0.95.1-py3-none-any.whl (56 kB)
Collecting python-multipart<0.1.0,>=0.0.5 (from -r requirements\requirements.txt (line 14))
  Using cached python_multipart-0.0.6-py3-none-any.whl (45 kB)
Collecting typing_extensions<5.0.0,>=4.2.0 (from -r requirements\requirements.txt (line 16))
  Using cached typing_extensions-4.5.0-py3-none-any.whl (27 kB)
Collecting loguru<1.0.0,>=0.5.3 (from -r requirements\requirements.txt (line 17))
  Using cached loguru-0.7.0-py3-none-any.whl (59 kB)
Collecting pytest<8.0.0,>=7.2.0 (from -r requirements/test_requirements.txt (line 4))
  Using cached pytest-7.3.1-py3-none-any.whl (320 kB)
Collecting requests<2.50.0,>=2.28.0 (from -r requirements/test_requirements.txt (line 5))
  Using cached requests-2.29.0-py3-none-any.whl (62 kB)
Collecting httpx<0.50.0,>=0.23.2 (from -r requirements/test_requirements.txt (line 6))
  Using cached httpx-0.24.0-py3-none-any.whl (75 kB)
Collecting python-dateutil>=2.8.2 (from pandas<2.0.1,>=1.3.5->-r requirements\requirements.txt (line 5))
  Using cached python_dateutil-2.8.2-py2.py3-none-any.whl (247 kB)
Collecting pytz>=2020.1 (from pandas<2.0.1,>=1.3.5->-r requirements\requirements.txt (line 5))
  Using cached pytz-2023.3-py2.py3-none-any.whl (502 kB)
Collecting tzdata>=2022.1 (from pandas<2.0.1,>=1.3.5->-r requirements\requirements.txt (line 5))
  Using cached tzdata-2023.3-py2.py3-none-any.whl (341 kB)
Collecting scipy>=1.3.2 (from scikit-learn<2.0.0,>=1.1.3->-r requirements\requirements.txt (line 7))
  Using cached scipy-1.10.1-cp310-cp310-win_amd64.whl (42.5 MB)
Collecting threadpoolctl>=2.0.0 (from scikit-learn<2.0.0,>=1.1.3->-r requirements\requirements.txt (line 7))
  Using cached threadpoolctl-3.1.0-py3-none-any.whl (14 kB)
Collecting ruamel.yaml.clib>=0.2.6 (from ruamel.yaml<1.0.0,>=0.16.12->-r requirements\requirements.txt (line 9))
  Using cached ruamel.yaml.clib-0.2.7-cp310-cp310-win_amd64.whl (111 kB)
Collecting statsmodels>=0.11.1 (from feature-engine<2.0.0,>=1.0.2->-r requirements\requirements.txt (line 10))
  Using cached statsmodels-0.13.5-cp310-cp310-win_amd64.whl (9.1 MB)
Collecting click>=7.0 (from uvicorn<0.30.0,>=0.20.0->-r requirements\requirements.txt (line 12))
  Using cached click-8.1.3-py3-none-any.whl (96 kB)
Collecting h11>=0.8 (from uvicorn<0.30.0,>=0.20.0->-r requirements\requirements.txt (line 12))
  Using cached h11-0.14.0-py3-none-any.whl (58 kB)
Collecting starlette<0.27.0,>=0.26.1 (from fastapi<1.0.0,>=0.88.0->-r requirements\requirements.txt (line 13))
  Using cached starlette-0.26.1-py3-none-any.whl (66 kB)
Collecting colorama>=0.3.4 (from loguru<1.0.0,>=0.5.3->-r requirements\requirements.txt (line 17))
  Using cached colorama-0.4.6-py2.py3-none-any.whl (25 kB)
Collecting win32-setctime>=1.0.0 (from loguru<1.0.0,>=0.5.3->-r requirements\requirements.txt (line 17))
  Using cached win32_setctime-1.1.0-py3-none-any.whl (3.6 kB)
Collecting iniconfig (from pytest<8.0.0,>=7.2.0->-r requirements/test_requirements.txt (line 4))
  Using cached iniconfig-2.0.0-py3-none-any.whl (5.9 kB)
Collecting packaging (from pytest<8.0.0,>=7.2.0->-r requirements/test_requirements.txt (line 4))
  Using cached packaging-23.1-py3-none-any.whl (48 kB)
Collecting pluggy<2.0,>=0.12 (from pytest<8.0.0,>=7.2.0->-r requirements/test_requirements.txt (line 4))
  Using cached pluggy-1.0.0-py2.py3-none-any.whl (13 kB)
Collecting exceptiongroup>=1.0.0rc8 (from pytest<8.0.0,>=7.2.0->-r requirements/test_requirements.txt (line 4))
  Using cached exceptiongroup-1.1.1-py3-none-any.whl (14 kB)
Collecting tomli>=1.0.0 (from pytest<8.0.0,>=7.2.0->-r requirements/test_requirements.txt (line 4))
  Using cached tomli-2.0.1-py3-none-any.whl (12 kB)
Collecting charset-normalizer<4,>=2 (from requests<2.50.0,>=2.28.0->-r requirements/test_requirements.txt (line 5))
  Using cached charset_normalizer-3.1.0-cp310-cp310-win_amd64.whl (97 kB)
Collecting idna<4,>=2.5 (from requests<2.50.0,>=2.28.0->-r requirements/test_requirements.txt (line 5))
  Using cached idna-3.4-py3-none-any.whl (61 kB)
Collecting urllib3<1.27,>=1.21.1 (from requests<2.50.0,>=2.28.0->-r requirements/test_requirements.txt (line 5))
  Using cached urllib3-1.26.15-py2.py3-none-any.whl (140 kB)
Collecting certifi>=2017.4.17 (from requests<2.50.0,>=2.28.0->-r requirements/test_requirements.txt (line 5))
  Using cached certifi-2022.12.7-py3-none-any.whl (155 kB)
Collecting httpcore<0.18.0,>=0.15.0 (from httpx<0.50.0,>=0.23.2->-r requirements/test_requirements.txt (line 6))
  Using cached httpcore-0.17.0-py3-none-any.whl (70 kB)
Collecting sniffio (from httpx<0.50.0,>=0.23.2->-r requirements/test_requirements.txt (line 6))
  Using cached sniffio-1.3.0-py3-none-any.whl (10 kB)
Collecting anyio<5.0,>=3.0 (from httpcore<0.18.0,>=0.15.0->httpx<0.50.0,>=0.23.2->-r requirements/test_requirements.txt (line 6))
  Using cached anyio-3.6.2-py3-none-any.whl (80 kB)
Collecting six>=1.5 (from python-dateutil>=2.8.2->pandas<2.0.1,>=1.3.5->-r requirements\requirements.txt (line 5))
  Using cached six-1.16.0-py2.py3-none-any.whl (11 kB)
Collecting patsy>=0.5.2 (from statsmodels>=0.11.1->feature-engine<2.0.0,>=1.0.2->-r requirements\requirements.txt (line 10))
  Using cached patsy-0.5.3-py2.py3-none-any.whl (233 kB)
Installing collected packages: pytz, win32-setctime, urllib3, tzdata, typing_extensions, tomli, threadpoolctl, sniffio, six, ruamel.yaml.clib, python-multipart, pluggy, packaging, numpy, joblib, iniconfig, idna, h11, exceptiongroup, colorama, charset-normalizer, certifi, scipy, ruamel.yaml, requests, python-dateutil, pytest, pydantic, patsy, loguru, click, anyio, uvicorn, strictyaml, starlette, scikit-learn, pandas, httpcore, statsmodels, httpx, fastapi, feature-engine
Successfully installed anyio-3.6.2 certifi-2022.12.7 charset-normalizer-3.1.0 click-8.1.3 colorama-0.4.6 exceptiongroup-1.1.1 fastapi-0.95.1 feature-engine-1.6.0 h11-0.14.0 httpcore-0.17.0 httpx-0.24.0 idna-3.4 iniconfig-2.0.0 joblib-1.2.0 loguru-0.7.0 numpy-1.24.3 packaging-23.1 pandas-2.0.0 patsy-0.5.3 pluggy-1.0.0 pydantic-1.10.7 pytest-7.3.1 python-dateutil-2.8.2 python-multipart-0.0.6 pytz-2023.3 requests-2.29.0 ruamel.yaml-0.17.21 ruamel.yaml.clib-0.2.7 scikit-learn-1.2.2 scipy-1.10.1 six-1.16.0 sniffio-1.3.0 starlette-0.26.1 statsmodels-0.13.5 strictyaml-1.7.3 threadpoolctl-3.1.0 tomli-2.0.1 typing_extensions-4.5.0 tzdata-2023.3 urllib3-1.26.15 uvicorn-0.22.0 win32-setctime-1.1.0
